[2018-08-08 09:43:04.426] [ERROR] logError - TypeError: Cannot read property 'r_name' of null
    at E:\buzhiguang\product\x-mbti\cmbti_service\router\articleRouter.js:310:34
    at <anonymous>
    at process._tickCallback (internal/process/next_tick.js:188:7)
[2018-08-08 09:43:17.964] [ERROR] logError - TypeError: Cannot read property 'r_name' of null
    at E:\buzhiguang\product\x-mbti\cmbti_service\router\articleRouter.js:310:34
    at <anonymous>
[2018-08-08 09:43:23.885] [ERROR] logError - TypeError: Cannot read property 'r_name' of null
    at E:\buzhiguang\product\x-mbti\cmbti_service\router\articleRouter.js:310:34
    at <anonymous>
    at process._tickCallback (internal/process/next_tick.js:188:7)
[2018-08-08 09:43:28.760] [ERROR] logError - TypeError: Cannot read property 'r_name' of null
    at E:\buzhiguang\product\x-mbti\cmbti_service\router\articleRouter.js:310:34
    at <anonymous>
[2018-08-08 09:44:18.954] [ERROR] logError - TypeError: Cannot read property 'r_name' of null
    at E:\buzhiguang\product\x-mbti\cmbti_service\router\articleRouter.js:310:34
    at <anonymous>
[2018-08-08 09:45:02.667] [ERROR] logError - TypeError: Cannot read property 'r_name' of null
    at E:\buzhiguang\product\x-mbti\cmbti_service\router\articleRouter.js:310:34
    at <anonymous>
[2018-08-08 09:47:49.623] [ERROR] logError - TypeError: Cannot read property 'r_name' of null
    at E:\buzhiguang\product\x-mbti\cmbti_service\router\articleRouter.js:310:34
    at <anonymous>
[2018-08-08 09:49:52.827] [ERROR] logError - TypeError: Cannot read property 'r_name' of null
    at E:\buzhiguang\product\x-mbti\cmbti_service\router\articleRouter.js:310:34
    at <anonymous>
[2018-08-08 09:54:58.527] [ERROR] logError - TypeError: Cannot read property 'r_name' of null
    at E:\buzhiguang\product\x-mbti\cmbti_service\router\articleRouter.js:310:34
    at <anonymous>
[2018-08-08 09:55:50.272] [ERROR] logError - TypeError: Cannot read property 'r_name' of null
    at E:\buzhiguang\product\x-mbti\cmbti_service\router\articleRouter.js:311:34
    at <anonymous>
[2018-08-08 09:59:51.847] [ERROR] logError - TypeError: Cannot read property 'avatar' of null
    at E:\buzhiguang\product\x-mbti\cmbti_service\router\accountRouter.js:531:40
    at <anonymous>
[2018-08-08 11:36:41.974] [ERROR] logError - TypeError: Cannot read property 'avatar' of null
    at E:\buzhiguang\product\x-mbti\cmbti_service\router\accountRouter.js:531:40
    at <anonymous>
[2018-08-08 11:40:11.874] [ERROR] logError - TypeError: Cannot read property 'r_name' of null
    at E:\buzhiguang\product\x-mbti\cmbti_service\router\articleRouter.js:404:46
    at <anonymous>
[2018-08-08 11:43:15.512] [ERROR] logError - Not find the name
[2018-08-08 11:43:18.396] [ERROR] logError - Not find the name
[2018-08-08 11:43:25.354] [ERROR] logError - Not find the name
